0 verbose cli /usr/local/bin/node /usr/local/bin/npm
1 info using npm@11.7.0
2 info using node@v20.19.1
3 silly config load:file:/usr/local/lib/node_modules/npm/npmrc
4 silly config load:file:/Users/owenmoloney/Copmuter_Eng_Projects/Homebaseuxv12/.npmrc
5 silly config load:file:/Users/owenmoloney/.npmrc
6 silly config load:file:/usr/local/etc/npmrc
7 verbose title npm install snaptrade-typescript-sdk
8 verbose argv "install" "snaptrade-typescript-sdk" "--cache" ".npm-cache"
9 verbose logfile logs-max:10 dir:/Users/owenmoloney/Copmuter_Eng_Projects/Homebaseuxv12/.npm-cache/_logs/2026-03-18T18_45_37_872Z-
10 verbose logfile /Users/owenmoloney/Copmuter_Eng_Projects/Homebaseuxv12/.npm-cache/_logs/2026-03-18T18_45_37_872Z-debug-0.log
11 silly logfile done cleaning log files
12 silly packumentCache heap:2197815296 maxSize:549453824 maxEntrySize:274726912
13 silly idealTree buildDeps
14 silly fetch manifest snaptrade-typescript-sdk@*
15 silly packumentCache full:https://registry.npmjs.org/snaptrade-typescript-sdk cache-miss
16 http fetch GET 200 https://registry.npmjs.org/snaptrade-typescript-sdk 956ms (cache miss)
17 silly packumentCache full:https://registry.npmjs.org/snaptrade-typescript-sdk set size:undefined disposed:false
18 silly placeDep ROOT snaptrade-typescript-sdk@9.0.173 OK for: @figma/my-make-file@0.0.1 want: *
19 silly fetch manifest axios@1.10.0
20 silly packumentCache full:https://registry.npmjs.org/axios cache-miss
21 http fetch GET 200 https://registry.npmjs.org/axios 87ms (cache miss)
22 silly packumentCache full:https://registry.npmjs.org/axios set size:undefined disposed:false
23 silly placeDep ROOT axios@1.10.0 OK for: snaptrade-typescript-sdk@9.0.173 want: 1.10.0
24 silly fetch manifest form-data@^4.0.0
25 silly packumentCache full:https://registry.npmjs.org/form-data cache-miss
26 silly fetch manifest proxy-from-env@^1.1.0
27 silly packumentCache full:https://registry.npmjs.org/proxy-from-env cache-miss
28 silly fetch manifest follow-redirects@^1.15.6
29 silly packumentCache full:https://registry.npmjs.org/follow-redirects cache-miss
30 http fetch GET 200 https://registry.npmjs.org/form-data 165ms (cache miss)
31 silly packumentCache full:https://registry.npmjs.org/form-data set size:undefined disposed:false
32 http fetch GET 200 https://registry.npmjs.org/proxy-from-env 183ms (cache miss)
33 silly packumentCache full:https://registry.npmjs.org/proxy-from-env set size:undefined disposed:false
34 http fetch GET 200 https://registry.npmjs.org/follow-redirects 208ms (cache miss)
35 silly packumentCache full:https://registry.npmjs.org/follow-redirects set size:undefined disposed:false
36 silly placeDep ROOT follow-redirects@1.15.11 OK for: axios@1.10.0 want: ^1.15.6
37 silly placeDep ROOT form-data@4.0.5 OK for: axios@1.10.0 want: ^4.0.0
38 silly placeDep ROOT proxy-from-env@1.1.0 OK for: axios@1.10.0 want: ^1.1.0
39 silly fetch manifest asynckit@^0.4.0
40 silly packumentCache full:https://registry.npmjs.org/asynckit cache-miss
41 silly fetch manifest combined-stream@^1.0.8
42 silly packumentCache full:https://registry.npmjs.org/combined-stream cache-miss
43 silly fetch manifest es-set-tostringtag@^2.1.0
44 silly packumentCache full:https://registry.npmjs.org/es-set-tostringtag cache-miss
45 http fetch GET 200 https://registry.npmjs.org/asynckit 119ms (cache miss)
46 silly packumentCache full:https://registry.npmjs.org/asynckit set size:undefined disposed:false
47 silly fetch manifest mime-types@^2.1.12
48 silly packumentCache full:https://registry.npmjs.org/mime-types cache-miss
49 http fetch GET 200 https://registry.npmjs.org/es-set-tostringtag 127ms (cache miss)
50 silly packumentCache full:https://registry.npmjs.org/es-set-tostringtag set size:undefined disposed:false
51 http fetch GET 200 https://registry.npmjs.org/combined-stream 135ms (cache miss)
52 silly packumentCache full:https://registry.npmjs.org/combined-stream set size:undefined disposed:false
53 http fetch GET 200 https://registry.npmjs.org/mime-types 82ms (cache miss)
54 silly packumentCache full:https://registry.npmjs.org/mime-types set size:undefined disposed:false
55 silly placeDep ROOT asynckit@0.4.0 OK for: form-data@4.0.5 want: ^0.4.0
56 silly placeDep ROOT combined-stream@1.0.8 OK for: form-data@4.0.5 want: ^1.0.8
57 silly placeDep ROOT es-set-tostringtag@2.1.0 OK for: form-data@4.0.5 want: ^2.1.0
58 silly placeDep ROOT mime-types@2.1.35 OK for: form-data@4.0.5 want: ^2.1.12
59 silly fetch manifest delayed-stream@~1.0.0
60 silly packumentCache full:https://registry.npmjs.org/delayed-stream cache-miss
61 silly fetch manifest es-errors@^1.3.0
62 silly packumentCache full:https://registry.npmjs.org/es-errors cache-miss
63 silly fetch manifest get-intrinsic@^1.2.6
64 silly packumentCache full:https://registry.npmjs.org/get-intrinsic cache-miss
65 http fetch GET 200 https://registry.npmjs.org/es-errors 94ms (cache miss)
66 silly packumentCache full:https://registry.npmjs.org/es-errors set size:undefined disposed:false
67 silly fetch manifest has-tostringtag@^1.0.2
68 silly packumentCache full:https://registry.npmjs.org/has-tostringtag cache-miss
69 http fetch GET 200 https://registry.npmjs.org/delayed-stream 107ms (cache miss)
70 silly packumentCache full:https://registry.npmjs.org/delayed-stream set size:undefined disposed:false
71 silly fetch manifest mime-db@1.52.0
72 silly packumentCache full:https://registry.npmjs.org/mime-db cache-miss
73 http fetch GET 200 https://registry.npmjs.org/get-intrinsic 110ms (cache miss)
74 silly packumentCache full:https://registry.npmjs.org/get-intrinsic set size:undefined disposed:false
75 http fetch GET 200 https://registry.npmjs.org/has-tostringtag 62ms (cache miss)
76 silly packumentCache full:https://registry.npmjs.org/has-tostringtag set size:undefined disposed:false
77 http fetch GET 200 https://registry.npmjs.org/mime-db 62ms (cache miss)
78 silly packumentCache full:https://registry.npmjs.org/mime-db set size:undefined disposed:false
79 silly placeDep ROOT delayed-stream@1.0.0 OK for: combined-stream@1.0.8 want: ~1.0.0
80 silly placeDep ROOT es-errors@1.3.0 OK for: es-set-tostringtag@2.1.0 want: ^1.3.0
81 silly placeDep ROOT get-intrinsic@1.3.0 OK for: es-set-tostringtag@2.1.0 want: ^1.2.6
82 silly placeDep ROOT has-tostringtag@1.0.2 OK for: es-set-tostringtag@2.1.0 want: ^1.0.2
83 silly fetch manifest gopd@^1.2.0
84 silly packumentCache full:https://registry.npmjs.org/gopd cache-miss
85 silly fetch manifest get-proto@^1.0.1
86 silly packumentCache full:https://registry.npmjs.org/get-proto cache-miss
87 silly fetch manifest has-symbols@^1.1.0
88 silly packumentCache full:https://registry.npmjs.org/has-symbols cache-miss
89 http fetch GET 200 https://registry.npmjs.org/get-proto 78ms (cache miss)
90 silly packumentCache full:https://registry.npmjs.org/get-proto set size:undefined disposed:false
91 silly fetch manifest es-object-atoms@^1.1.1
92 silly packumentCache full:https://registry.npmjs.org/es-object-atoms cache-miss
93 http fetch GET 200 https://registry.npmjs.org/gopd 87ms (cache miss)
94 silly packumentCache full:https://registry.npmjs.org/gopd set size:undefined disposed:false
95 silly fetch manifest math-intrinsics@^1.1.0
96 silly packumentCache full:https://registry.npmjs.org/math-intrinsics cache-miss
97 http fetch GET 200 https://registry.npmjs.org/has-symbols 93ms (cache miss)
98 silly packumentCache full:https://registry.npmjs.org/has-symbols set size:undefined disposed:false
99 silly fetch manifest es-define-property@^1.0.1
100 silly packumentCache full:https://registry.npmjs.org/es-define-property cache-miss
101 http fetch GET 200 https://registry.npmjs.org/es-object-atoms 69ms (cache miss)
102 silly packumentCache full:https://registry.npmjs.org/es-object-atoms set size:undefined disposed:false
103 silly fetch manifest call-bind-apply-helpers@^1.0.2
104 silly packumentCache full:https://registry.npmjs.org/call-bind-apply-helpers cache-miss
105 http fetch GET 200 https://registry.npmjs.org/math-intrinsics 75ms (cache miss)
106 silly packumentCache full:https://registry.npmjs.org/math-intrinsics set size:undefined disposed:false
107 silly fetch manifest has-symbols@^1.0.3
108 silly packumentCache full:https://registry.npmjs.org/has-symbols cache-miss
109 http fetch GET 200 https://registry.npmjs.org/es-define-property 69ms (cache miss)
110 silly packumentCache full:https://registry.npmjs.org/es-define-property set size:undefined disposed:false
111 http cache https://registry.npmjs.org/has-symbols 38ms (cache hit)
112 silly packumentCache full:https://registry.npmjs.org/has-symbols set size:21550 disposed:false
113 http fetch GET 200 https://registry.npmjs.org/call-bind-apply-helpers 54ms (cache miss)
114 silly packumentCache full:https://registry.npmjs.org/call-bind-apply-helpers set size:undefined disposed:false
115 silly placeDep ROOT call-bind-apply-helpers@1.0.2 OK for: get-intrinsic@1.3.0 want: ^1.0.2
116 silly placeDep ROOT es-define-property@1.0.1 OK for: get-intrinsic@1.3.0 want: ^1.0.1
117 silly placeDep ROOT es-object-atoms@1.1.1 OK for: get-intrinsic@1.3.0 want: ^1.1.1
118 silly placeDep ROOT get-proto@1.0.1 OK for: get-intrinsic@1.3.0 want: ^1.0.1
119 silly placeDep ROOT gopd@1.2.0 OK for: get-intrinsic@1.3.0 want: ^1.2.0
120 silly placeDep ROOT has-symbols@1.1.0 OK for: get-intrinsic@1.3.0 want: ^1.1.0
121 silly placeDep ROOT math-intrinsics@1.1.0 OK for: get-intrinsic@1.3.0 want: ^1.1.0
122 silly fetch manifest dunder-proto@^1.0.1
123 silly packumentCache full:https://registry.npmjs.org/dunder-proto cache-miss
124 http fetch GET 200 https://registry.npmjs.org/dunder-proto 50ms (cache miss)
125 silly packumentCache full:https://registry.npmjs.org/dunder-proto set size:undefined disposed:false
126 silly placeDep ROOT dunder-proto@1.0.1 OK for: get-proto@1.0.1 want: ^1.0.1
127 silly placeDep ROOT mime-db@1.52.0 OK for: mime-types@2.1.35 want: 1.52.0
128 silly reify moves {}
129 silly audit bulk request {
129 silly audit   '@babel/code-frame': [ '7.28.6' ],
129 silly audit   '@babel/compat-data': [ '7.28.6' ],
129 silly audit   '@babel/core': [ '7.28.6' ],
129 silly audit   'convert-source-map': [ '2.0.0', '1.9.0' ],
129 silly audit   '@babel/generator': [ '7.28.6' ],
129 silly audit   '@babel/helper-compilation-targets': [ '7.28.6' ],
129 silly audit   '@babel/helper-globals': [ '7.28.0' ],
129 silly audit   '@babel/helper-module-imports': [ '7.28.6' ],
129 silly audit   '@babel/helper-module-transforms': [ '7.28.6' ],
129 silly audit   '@babel/helper-plugin-utils': [ '7.28.6' ],
129 silly audit   '@babel/helper-string-parser': [ '7.27.1' ],
129 silly audit   '@babel/helper-validator-identifier': [ '7.28.5' ],
129 silly audit   '@babel/helper-validator-option': [ '7.27.1' ],
129 silly audit   '@babel/helpers': [ '7.28.6' ],
129 silly audit   '@babel/parser': [ '7.28.6' ],
129 silly audit   '@babel/plugin-transform-react-jsx-self': [ '7.27.1' ],
129 silly audit   '@babel/plugin-transform-react-jsx-source': [ '7.27.1' ],
129 silly audit   '@babel/runtime': [ '7.28.6' ],
129 silly audit   '@babel/template': [ '7.28.6' ],
129 silly audit   '@babel/traverse': [ '7.28.6' ],
129 silly audit   '@babel/types': [ '7.28.6' ],
129 silly audit   '@emotion/babel-plugin': [ '11.13.5' ],
129 silly audit   '@emotion/cache': [ '11.14.0' ],
129 silly audit   '@emotion/hash': [ '0.9.2' ],
129 silly audit   '@emotion/is-prop-valid': [ '1.4.0' ],
129 silly audit   '@emotion/memoize': [ '0.9.0' ],
129 silly audit   '@emotion/react': [ '11.14.0' ],
129 silly audit   '@emotion/serialize': [ '1.3.3' ],
129 silly audit   '@emotion/sheet': [ '1.4.0' ],
129 silly audit   '@emotion/styled': [ '11.14.1' ],
129 silly audit   '@emotion/unitless': [ '0.10.0' ],
129 silly audit   '@emotion/use-insertion-effect-with-fallbacks': [ '1.2.0' ],
129 silly audit   '@emotion/utils': [ '1.4.2' ],
129 silly audit   '@emotion/weak-memoize': [ '0.4.0' ],
129 silly audit   '@esbuild/aix-ppc64': [ '0.25.12' ],
129 silly audit   '@esbuild/android-arm': [ '0.25.12' ],
129 silly audit   '@esbuild/android-arm64': [ '0.25.12' ],
129 silly audit   '@esbuild/android-x64': [ '0.25.12' ],
129 silly audit   '@esbuild/darwin-arm64': [ '0.25.12' ],
129 silly audit   '@esbuild/darwin-x64': [ '0.25.12' ],
129 silly audit   '@esbuild/freebsd-arm64': [ '0.25.12' ],
129 silly audit   '@esbuild/freebsd-x64': [ '0.25.12' ],
129 silly audit   '@esbuild/linux-arm': [ '0.25.12' ],
129 silly audit   '@esbuild/linux-arm64': [ '0.25.12' ],
129 silly audit   '@esbuild/linux-ia32': [ '0.25.12' ],
129 silly audit   '@esbuild/linux-loong64': [ '0.25.12' ],
129 silly audit   '@esbuild/linux-mips64el': [ '0.25.12' ],
129 silly audit   '@esbuild/linux-ppc64': [ '0.25.12' ],
129 silly audit   '@esbuild/linux-riscv64': [ '0.25.12' ],
129 silly audit   '@esbuild/linux-s390x': [ '0.25.12' ],
129 silly audit   '@esbuild/linux-x64': [ '0.25.12' ],
129 silly audit   '@esbuild/netbsd-arm64': [ '0.25.12' ],
129 silly audit   '@esbuild/netbsd-x64': [ '0.25.12' ],
129 silly audit   '@esbuild/openbsd-arm64': [ '0.25.12' ],
129 silly audit   '@esbuild/openbsd-x64': [ '0.25.12' ],
129 silly audit   '@esbuild/openharmony-arm64': [ '0.25.12' ],
129 silly audit   '@esbuild/sunos-x64': [ '0.25.12' ],
129 silly audit   '@esbuild/win32-arm64': [ '0.25.12' ],
129 silly audit   '@esbuild/win32-ia32': [ '0.25.12' ],
129 silly audit   '@esbuild/win32-x64': [ '0.25.12' ],
129 silly audit   '@floating-ui/core': [ '1.7.3' ],
129 silly audit   '@floating-ui/dom': [ '1.7.4' ],
129 silly audit   '@floating-ui/react-dom': [ '2.1.6' ],
129 silly audit   '@floating-ui/utils': [ '0.2.10' ],
129 silly audit   '@isaacs/fs-minipass': [ '4.0.1' ],
129 silly audit   '@jridgewell/gen-mapping': [ '0.3.13' ],
129 silly audit   '@jridgewell/remapping': [ '2.3.5' ],
129 silly audit   '@jridgewell/resolve-uri': [ '3.1.2' ],
129 silly audit   '@jridgewell/sourcemap-codec': [ '1.5.5' ],
129 silly audit   '@jridgewell/trace-mapping': [ '0.3.31' ],
129 silly audit   '@mui/core-downloads-tracker': [ '7.3.7' ],
129 silly audit   '@mui/icons-material': [ '7.3.5' ],
129 silly audit   '@mui/material': [ '7.3.5' ],
129 silly audit   '@mui/private-theming': [ '7.3.7' ],
129 silly audit   '@mui/styled-engine': [ '7.3.7' ],
129 silly audit   '@mui/system': [ '7.3.7' ],
129 silly audit   '@mui/types': [ '7.4.10' ],
129 silly audit   '@mui/utils': [ '7.3.7' ],
129 silly audit   '@popperjs/core': [ '2.11.8' ],
129 silly audit   '@radix-ui/number': [ '1.1.0' ],
129 silly audit   '@radix-ui/primitive': [ '1.1.1' ],
129 silly audit   '@radix-ui/react-accordion': [ '1.2.3' ],
129 silly audit   '@radix-ui/react-alert-dialog': [ '1.1.6' ],
129 silly audit   '@radix-ui/react-arrow': [ '1.1.2' ],
129 silly audit   '@radix-ui/react-aspect-ratio': [ '1.1.2' ],
129 silly audit   '@radix-ui/react-avatar': [ '1.1.3' ],
129 silly audit   '@radix-ui/react-checkbox': [ '1.1.4' ],
129 silly audit   '@radix-ui/react-collapsible': [ '1.1.3' ],
129 silly audit   '@radix-ui/react-collection': [ '1.1.2' ],
129 silly audit   '@radix-ui/react-compose-refs': [ '1.1.1' ],
129 silly audit   '@radix-ui/react-context': [ '1.1.1' ],
129 silly audit   '@radix-ui/react-context-menu': [ '2.2.6' ],
129 silly audit   '@radix-ui/react-dialog': [ '1.1.6' ],
129 silly audit   '@radix-ui/react-direction': [ '1.1.0' ],
129 silly audit   '@radix-ui/react-dismissable-layer': [ '1.1.5' ],
129 silly audit   '@radix-ui/react-dropdown-menu': [ '2.1.6' ],
129 silly audit   '@radix-ui/react-focus-guards': [ '1.1.1' ],
129 silly audit   '@radix-ui/react-focus-scope': [ '1.1.2' ],
129 silly audit   '@radix-ui/react-hover-card': [ '1.1.6' ],
129 silly audit   '@radix-ui/react-id': [ '1.1.0' ],
129 silly audit   '@radix-ui/react-label': [ '2.1.2' ],
129 silly audit   '@radix-ui/react-menu': [ '2.1.6' ],
129 silly audit   '@radix-ui/react-menubar': [ '1.1.6' ],
129 silly audit   '@radix-ui/react-navigation-menu': [ '1.2.5' ],
129 silly audit   '@radix-ui/react-popover': [ '1.1.6' ],
129 silly audit   '@radix-ui/react-popper': [ '1.2.2' ],
129 silly audit   '@radix-ui/react-portal': [ '1.1.4' ],
129 silly audit   '@radix-ui/react-presence': [ '1.1.2' ],
129 silly audit   '@radix-ui/react-primitive': [ '2.0.2' ],
129 silly audit   '@radix-ui/react-progress': [ '1.1.2' ],
129 silly audit   '@radix-ui/react-radio-group': [ '1.2.3' ],
129 silly audit   '@radix-ui/react-roving-focus': [ '1.1.2' ],
129 silly audit   '@radix-ui/react-scroll-area': [ '1.2.3' ],
129 silly audit   '@radix-ui/react-select': [ '2.1.6' ],
129 silly audit   '@radix-ui/react-separator': [ '1.1.2' ],
129 silly audit   '@radix-ui/react-slider': [ '1.2.3' ],
129 silly audit   '@radix-ui/react-slot': [ '1.1.2' ],
129 silly audit   '@radix-ui/react-switch': [ '1.1.3' ],
129 silly audit   '@radix-ui/react-tabs': [ '1.1.3' ],
129 silly audit   '@radix-ui/react-toggle': [ '1.1.2' ],
129 silly audit   '@radix-ui/react-toggle-group': [ '1.1.2' ],
129 silly audit   '@radix-ui/react-tooltip': [ '1.1.8' ],
129 silly audit   '@radix-ui/react-use-callback-ref': [ '1.1.0' ],
129 silly audit   '@radix-ui/react-use-controllable-state': [ '1.1.0' ],
129 silly audit   '@radix-ui/react-use-escape-keydown': [ '1.1.0' ],
129 silly audit   '@radix-ui/react-use-layout-effect': [ '1.1.0' ],
129 silly audit   '@radix-ui/react-use-previous': [ '1.1.0' ],
129 silly audit   '@radix-ui/react-use-rect': [ '1.1.0' ],
129 silly audit   '@radix-ui/react-use-size': [ '1.1.0' ],
129 silly audit   '@radix-ui/react-visually-hidden': [ '1.1.2' ],
129 silly audit   '@radix-ui/rect': [ '1.1.0' ],
129 silly audit   '@react-dnd/asap': [ '5.0.2' ],
129 silly audit   '@react-dnd/invariant': [ '4.0.2' ],
129 silly audit   '@react-dnd/shallowequal': [ '4.0.2' ],
129 silly audit   '@rolldown/pluginutils': [ '1.0.0-beta.27' ],
129 silly audit   '@rollup/rollup-android-arm-eabi': [ '4.56.0' ],
129 silly audit   '@rollup/rollup-android-arm64': [ '4.56.0' ],
129 silly audit   '@rollup/rollup-darwin-arm64': [ '4.56.0' ],
129 silly audit   '@rollup/rollup-darwin-x64': [ '4.56.0' ],
129 silly audit   '@rollup/rollup-freebsd-arm64': [ '4.56.0' ],
129 silly audit   '@rollup/rollup-freebsd-x64': [ '4.56.0' ],
129 silly audit   '@rollup/rollup-linux-arm-gnueabihf': [ '4.56.0' ],
129 silly audit   '@rollup/rollup-linux-arm-musleabihf': [ '4.56.0' ],
129 silly audit   '@rollup/rollup-linux-arm64-gnu': [ '4.56.0' ],
129 silly audit   '@rollup/rollup-linux-arm64-musl': [ '4.56.0' ],
129 silly audit   '@rollup/rollup-linux-loong64-gnu': [ '4.56.0' ],
129 silly audit   '@rollup/rollup-linux-loong64-musl': [ '4.56.0' ],
129 silly audit   '@rollup/rollup-linux-ppc64-gnu': [ '4.56.0' ],
129 silly audit   '@rollup/rollup-linux-ppc64-musl': [ '4.56.0' ],
129 silly audit   '@rollup/rollup-linux-riscv64-gnu': [ '4.56.0' ],
129 silly audit   '@rollup/rollup-linux-riscv64-musl': [ '4.56.0' ],
129 silly audit   '@rollup/rollup-linux-s390x-gnu': [ '4.56.0' ],
129 silly audit   '@rollup/rollup-linux-x64-gnu': [ '4.56.0' ],
129 silly audit   '@rollup/rollup-linux-x64-musl': [ '4.56.0' ],
129 silly audit   '@rollup/rollup-openbsd-x64': [ '4.56.0' ],
129 silly audit   '@rollup/rollup-openharmony-arm64': [ '4.56.0' ],
129 silly audit   '@rollup/rollup-win32-arm64-msvc': [ '4.56.0' ],
129 silly audit   '@rollup/rollup-win32-ia32-msvc': [ '4.56.0' ],
129 silly audit   '@rollup/rollup-win32-x64-gnu': [ '4.56.0' ],
129 silly audit   '@rollup/rollup-win32-x64-msvc': [ '4.56.0' ],
129 silly audit   '@stripe/stripe-js': [ '8.7.0' ],
129 silly audit   '@tailwindcss/node': [ '4.1.12' ],
129 silly audit   '@tailwindcss/oxide': [ '4.1.12' ],
129 silly audit   '@tailwindcss/oxide-android-arm64': [ '4.1.12' ],
129 silly audit   '@tailwindcss/oxide-darwin-arm64': [ '4.1.12' ],
129 silly audit   '@tailwindcss/oxide-darwin-x64': [ '4.1.12' ],
129 silly audit   '@tailwindcss/oxide-freebsd-x64': [ '4.1.12' ],
129 silly audit   '@tailwindcss/oxide-linux-arm-gnueabihf': [ '4.1.12' ],
129 silly audit   '@tailwindcss/oxide-linux-arm64-gnu': [ '4.1.12' ],
129 silly audit   '@tailwindcss/oxide-linux-arm64-musl': [ '4.1.12' ],
129 silly audit   '@tailwindcss/oxide-linux-x64-gnu': [ '4.1.12' ],
129 silly audit   '@tailwindcss/oxide-linux-x64-musl': [ '4.1.12' ],
129 silly audit   '@tailwindcss/oxide-wasm32-wasi': [ '4.1.12' ],
129 silly audit   '@tailwindcss/oxide-win32-arm64-msvc': [ '4.1.12' ],
129 silly audit   '@tailwindcss/oxide-win32-x64-msvc': [ '4.1.12' ],
129 silly audit   '@tailwindcss/vite': [ '4.1.12' ],
129 silly audit   '@types/babel__core': [ '7.20.5' ],
129 silly audit   '@types/babel__generator': [ '7.27.0' ],
129 silly audit   '@types/babel__template': [ '7.4.4' ],
129 silly audit   '@types/babel__traverse': [ '7.28.0' ],
129 silly audit   '@types/d3-array': [ '3.2.2' ],
129 silly audit   '@types/d3-color': [ '3.1.3' ],
129 silly audit   '@types/d3-ease': [ '3.0.2' ],
129 silly audit   '@types/d3-interpolate': [ '3.0.4' ],
129 silly audit   '@types/d3-path': [ '3.1.1' ],
129 silly audit   '@types/d3-scale': [ '4.0.9' ],
129 silly audit   '@types/d3-shape': [ '3.1.8' ],
129 silly audit   '@types/d3-time': [ '3.0.4' ],
129 silly audit   '@types/d3-timer': [ '3.0.2' ],
129 silly audit   '@types/estree': [ '1.0.8' ],
129 silly audit   '@types/parse-json': [ '4.0.2' ],
129 silly audit   '@types/prop-types': [ '15.7.15' ],
129 silly audit   '@types/react': [ '19.2.9' ],
129 silly audit   '@types/react-transition-group': [ '4.4.12' ],
129 silly audit   '@vitejs/plugin-react': [ '4.7.0' ],
129 silly audit   'aria-hidden': [ '1.2.6' ],
129 silly audit   'babel-plugin-macros': [ '3.1.0' ],
129 silly audit   'baseline-browser-mapping': [ '2.9.17' ],
129 silly audit   browserslist: [ '4.28.1' ],
129 silly audit   callsites: [ '3.1.0' ],
129 silly audit   'caniuse-lite': [ '1.0.30001765' ],
129 silly audit   chownr: [ '3.0.0' ],
129 silly audit   'class-variance-authority': [ '0.7.1' ],
129 silly audit   classnames: [ '2.5.1' ],
129 silly audit   clsx: [ '2.1.1' ],
129 silly audit   cmdk: [ '1.1.1' ],
129 silly audit   cookie: [ '1.1.1' ],
129 silly audit   cosmiconfig: [ '7.1.0' ],
129 silly audit   yaml: [ '1.10.2' ],
129 silly audit   csstype: [ '3.2.3' ],
129 silly audit   'd3-array': [ '3.2.4' ],
129 silly audit   'd3-color': [ '3.1.0' ],
129 silly audit   'd3-ease': [ '3.0.1' ],
129 silly audit   'd3-format': [ '3.1.2' ],
129 silly audit   'd3-interpolate': [ '3.0.1' ],
129 silly audit   'd3-path': [ '3.1.0' ],
129 silly audit   'd3-scale': [ '4.0.2' ],
129 silly audit   'd3-shape': [ '3.2.0' ],
129 silly audit   'd3-time': [ '3.1.0' ],
129 silly audit   'd3-time-format': [ '4.1.0' ],
129 silly audit   'd3-timer': [ '3.0.1' ],
129 silly audit   'date-fns': [ '3.6.0' ],
129 silly audit   debug: [ '4.4.3' ],
129 silly audit   'decimal.js-light': [ '2.5.1' ],
129 silly audit   'detect-libc': [ '2.1.2' ],
129 silly audit   'detect-node-es': [ '1.1.0' ],
129 silly audit   'dnd-core': [ '16.0.1' ],
129 silly audit   'dom-helpers': [ '5.2.1' ],
129 silly audit   'electron-to-chromium': [ '1.5.277' ],
129 silly audit   'embla-carousel': [ '8.6.0' ],
129 silly audit   'embla-carousel-react': [ '8.6.0' ],
129 silly audit   'embla-carousel-reactive-utils': [ '8.6.0' ],
129 silly audit   'enhanced-resolve': [ '5.18.4' ],
129 silly audit   'error-ex': [ '1.3.4' ],
129 silly audit   esbuild: [ '0.25.12' ],
129 silly audit   escalade: [ '3.2.0' ],
129 silly audit   'escape-string-regexp': [ '4.0.0' ],
129 silly audit   eventemitter3: [ '4.0.7' ],
129 silly audit   'fast-deep-equal': [ '3.1.3' ],
129 silly audit   'fast-equals': [ '5.4.0' ],
129 silly audit   fdir: [ '6.5.0' ],
129 silly audit   'find-root': [ '1.1.0' ],
129 silly audit   'framer-motion': [ '12.29.0' ],
129 silly audit   fsevents: [ '2.3.3' ],
129 silly audit   'function-bind': [ '1.1.2' ],
129 silly audit   gensync: [ '1.0.0-beta.2' ],
129 silly audit   'get-nonce': [ '1.0.1' ],
129 silly audit   'graceful-fs': [ '4.2.11' ],
129 silly audit   hasown: [ '2.0.2' ],
129 silly audit   'hoist-non-react-statics': [ '3.3.2' ],
129 silly audit   'react-is': [ '16.13.1', '19.2.3', '18.3.1' ],
129 silly audit   'import-fresh': [ '3.3.1' ],
129 silly audit   'input-otp': [ '1.4.2' ],
129 silly audit   internmap: [ '2.0.3' ],
129 silly audit   'is-arrayish': [ '0.2.1' ],
129 silly audit   'is-core-module': [ '2.16.1' ],
129 silly audit   jiti: [ '2.6.1' ],
129 silly audit   'js-tokens': [ '4.0.0' ],
129 silly audit   jsesc: [ '3.1.0' ],
129 silly audit   'json-parse-even-better-errors': [ '2.3.1' ],
129 silly audit   json2mq: [ '0.2.0' ],
129 silly audit   json5: [ '2.2.3' ],
129 silly audit   lightningcss: [ '1.30.1' ],
129 silly audit   'lightningcss-darwin-arm64': [ '1.30.1' ],
129 silly audit   'lightningcss-darwin-x64': [ '1.30.1' ],
129 silly audit   'lightningcss-freebsd-x64': [ '1.30.1' ],
129 silly audit   'lightningcss-linux-arm-gnueabihf': [ '1.30.1' ],
129 silly audit   'lightningcss-linux-arm64-gnu': [ '1.30.1' ],
129 silly audit   'lightningcss-linux-arm64-musl': [ '1.30.1' ],
129 silly audit   'lightningcss-linux-x64-gnu': [ '1.30.1' ],
129 silly audit   'lightningcss-linux-x64-musl': [ '1.30.1' ],
129 silly audit   'lightningcss-win32-arm64-msvc': [ '1.30.1' ],
129 silly audit   'lightningcss-win32-x64-msvc': [ '1.30.1' ],
129 silly audit   'lines-and-columns': [ '1.2.4' ],
129 silly audit   lodash: [ '4.17.23' ],
129 silly audit   'lodash.debounce': [ '4.0.8' ],
129 silly audit   'loose-envify': [ '1.4.0' ],
129 silly audit   'lru-cache': [ '5.1.1' ],
129 silly audit   'lucide-react': [ '0.487.0' ],
129 silly audit   'magic-string': [ '0.30.21' ],
129 silly audit   minipass: [ '7.1.2' ],
129 silly audit   minizlib: [ '3.1.0' ],
129 silly audit   motion: [ '12.23.24' ],
129 silly audit   'motion-dom': [ '12.29.0' ],
129 silly audit   'motion-utils': [ '12.27.2' ],
129 silly audit   ms: [ '2.1.3' ],
129 silly audit   nanoid: [ '3.3.11' ],
129 silly audit   'next-themes': [ '0.4.6' ],
129 silly audit   'node-releases': [ '2.0.27' ],
129 silly audit   'object-assign': [ '4.1.1' ],
129 silly audit   'parent-module': [ '1.0.1' ],
129 silly audit   'parse-json': [ '5.2.0' ],
129 silly audit   'path-parse': [ '1.0.7' ],
129 silly audit   'path-type': [ '4.0.0' ],
129 silly audit   picocolors: [ '1.1.1' ],
129 silly audit   picomatch: [ '4.0.3' ],
129 silly audit   postcss: [ '8.5.6' ],
129 silly audit   'prop-types': [ '15.8.1' ],
129 silly audit   react: [ '18.3.1' ],
129 silly audit   'react-day-picker': [ '8.10.1' ],
129 silly audit   'react-dnd': [ '16.0.1' ],
129 silly audit   'react-dnd-html5-backend': [ '16.0.1' ],
129 silly audit   'react-dom': [ '18.3.1' ],
129 silly audit   'react-fast-compare': [ '3.2.2' ],
129 silly audit   'react-hook-form': [ '7.55.0' ],
129 silly audit   'react-plaid-link': [ '3.6.1' ],
129 silly audit   'react-popper': [ '2.3.0' ],
129 silly audit   'react-refresh': [ '0.17.0' ],
129 silly audit   'react-remove-scroll': [ '2.7.2' ],
129 silly audit   'react-remove-scroll-bar': [ '2.3.8' ],
129 silly audit   'react-resizable-panels': [ '2.1.7' ],
129 silly audit   'react-responsive-masonry': [ '2.7.1' ],
129 silly audit   'react-router': [ '7.13.0' ],
129 silly audit   'react-script-hook': [ '1.7.2' ],
129 silly audit   'react-slick': [ '0.31.0' ],
129 silly audit   'react-smooth': [ '4.0.4' ],
129 silly audit   'react-style-singleton': [ '2.2.3' ],
129 silly audit   'react-transition-group': [ '4.4.5' ],
129 silly audit   recharts: [ '2.15.2' ],
129 silly audit   'recharts-scale': [ '0.4.5' ],
129 silly audit   redux: [ '4.2.1' ],
129 silly audit   'resize-observer-polyfill': [ '1.5.1' ],
129 silly audit   resolve: [ '1.22.11' ],
129 silly audit   'resolve-from': [ '4.0.0' ],
129 silly audit   rollup: [ '4.56.0' ],
129 silly audit   scheduler: [ '0.23.2' ],
129 silly audit   semver: [ '6.3.1' ],
129 silly audit   'set-cookie-parser': [ '2.7.2' ],
129 silly audit   sonner: [ '2.0.3' ],
129 silly audit   'source-map': [ '0.5.7' ],
129 silly audit   'source-map-js': [ '1.2.1' ],
129 silly audit   'string-convert': [ '0.2.1' ],
129 silly audit   stylis: [ '4.2.0' ],
129 silly audit   'supports-preserve-symlinks-flag': [ '1.0.0' ],
129 silly audit   'tailwind-merge': [ '3.2.0' ],
129 silly audit   tailwindcss: [ '4.1.12' ],
129 silly audit   tapable: [ '2.3.0' ],
129 silly audit   tar: [ '7.5.6' ],
129 silly audit   yallist: [ '5.0.0', '3.1.1' ],
129 silly audit   'tiny-invariant': [ '1.3.3' ],
129 silly audit   tinyglobby: [ '0.2.15' ],
129 silly audit   tslib: [ '2.8.1' ],
129 silly audit   'tw-animate-css': [ '1.3.8' ],
129 silly audit   'update-browserslist-db': [ '1.2.3' ],
129 silly audit   'use-callback-ref': [ '1.3.3' ],
129 silly audit   'use-sidecar': [ '1.1.3' ],
129 silly audit   vaul: [ '1.1.2' ],
129 silly audit   'victory-vendor': [ '36.9.2' ],
129 silly audit   vite: [ '6.3.5' ],
129 silly audit   warning: [ '4.0.3' ],
129 silly audit   'snaptrade-typescript-sdk': [ '9.0.173' ],
129 silly audit   axios: [ '1.10.0' ],
129 silly audit   'follow-redirects': [ '1.15.11' ],
129 silly audit   'form-data': [ '4.0.5' ],
129 silly audit   'proxy-from-env': [ '1.1.0' ],
129 silly audit   asynckit: [ '0.4.0' ],
129 silly audit   'combined-stream': [ '1.0.8' ],
129 silly audit   'es-set-tostringtag': [ '2.1.0' ],
129 silly audit   'mime-types': [ '2.1.35' ],
129 silly audit   'delayed-stream': [ '1.0.0' ],
129 silly audit   'es-errors': [ '1.3.0' ],
129 silly audit   'get-intrinsic': [ '1.3.0' ],
129 silly audit   'has-tostringtag': [ '1.0.2' ],
129 silly audit   'call-bind-apply-helpers': [ '1.0.2' ],
129 silly audit   'es-define-property': [ '1.0.1' ],
129 silly audit   'es-object-atoms': [ '1.1.1' ],
129 silly audit   'get-proto': [ '1.0.1' ],
129 silly audit   gopd: [ '1.2.0' ],
129 silly audit   'has-symbols': [ '1.1.0' ],
129 silly audit   'math-intrinsics': [ '1.1.0' ],
129 silly audit   'dunder-proto': [ '1.0.1' ],
129 silly audit   'mime-db': [ '1.52.0' ]
129 silly audit }
130 http cache math-intrinsics@https://registry.npmjs.org/math-intrinsics/-/math-intrinsics-1.1.0.tgz 0ms (cache hit)
131 http cache dunder-proto@https://registry.npmjs.org/dunder-proto/-/dunder-proto-1.0.1.tgz 0ms (cache hit)
132 http cache has-symbols@https://registry.npmjs.org/has-symbols/-/has-symbols-1.1.0.tgz 0ms (cache hit)
133 http cache mime-db@https://registry.npmjs.org/mime-db/-/mime-db-1.52.0.tgz 0ms (cache hit)
134 http cache get-proto@https://registry.npmjs.org/get-proto/-/get-proto-1.0.1.tgz 0ms (cache hit)
135 http cache es-object-atoms@https://registry.npmjs.org/es-object-atoms/-/es-object-atoms-1.1.1.tgz 0ms (cache hit)
136 http cache es-define-property@https://registry.npmjs.org/es-define-property/-/es-define-property-1.0.1.tgz 0ms (cache hit)
137 http cache call-bind-apply-helpers@https://registry.npmjs.org/call-bind-apply-helpers/-/call-bind-apply-helpers-1.0.2.tgz 1ms (cache hit)
138 http cache has-tostringtag@https://registry.npmjs.org/has-tostringtag/-/has-tostringtag-1.0.2.tgz 0ms (cache hit)
139 http cache get-intrinsic@https://registry.npmjs.org/get-intrinsic/-/get-intrinsic-1.3.0.tgz 0ms (cache hit)
140 http cache delayed-stream@https://registry.npmjs.org/delayed-stream/-/delayed-stream-1.0.0.tgz 0ms (cache hit)
141 http cache es-errors@https://registry.npmjs.org/es-errors/-/es-errors-1.3.0.tgz 0ms (cache hit)
142 http cache mime-types@https://registry.npmjs.org/mime-types/-/mime-types-2.1.35.tgz 0ms (cache hit)
143 http cache combined-stream@https://registry.npmjs.org/combined-stream/-/combined-stream-1.0.8.tgz 1ms (cache hit)
144 http cache es-set-tostringtag@https://registry.npmjs.org/es-set-tostringtag/-/es-set-tostringtag-2.1.0.tgz 0ms (cache hit)
145 http cache asynckit@https://registry.npmjs.org/asynckit/-/asynckit-0.4.0.tgz 0ms (cache hit)
146 http cache proxy-from-env@https://registry.npmjs.org/proxy-from-env/-/proxy-from-env-1.1.0.tgz 0ms (cache hit)
147 http cache form-data@https://registry.npmjs.org/form-data/-/form-data-4.0.5.tgz 0ms (cache hit)
148 http cache follow-redirects@https://registry.npmjs.org/follow-redirects/-/follow-redirects-1.15.11.tgz 0ms (cache hit)
149 http cache gopd@https://registry.npmjs.org/gopd/-/gopd-1.2.0.tgz 0ms (cache hit)
150 http cache axios@https://registry.npmjs.org/axios/-/axios-1.10.0.tgz 0ms (cache hit)
151 http cache snaptrade-typescript-sdk@https://registry.npmjs.org/snaptrade-typescript-sdk/-/snaptrade-typescript-sdk-9.0.173.tgz 0ms (cache hit)
152 silly tarball no local data for math-intrinsics@https://registry.npmjs.org/math-intrinsics/-/math-intrinsics-1.1.0.tgz. Extracting by manifest.
153 silly tarball no local data for dunder-proto@https://registry.npmjs.org/dunder-proto/-/dunder-proto-1.0.1.tgz. Extracting by manifest.
154 silly tarball no local data for has-symbols@https://registry.npmjs.org/has-symbols/-/has-symbols-1.1.0.tgz. Extracting by manifest.
155 silly tarball no local data for mime-db@https://registry.npmjs.org/mime-db/-/mime-db-1.52.0.tgz. Extracting by manifest.
156 silly tarball no local data for get-proto@https://registry.npmjs.org/get-proto/-/get-proto-1.0.1.tgz. Extracting by manifest.
157 silly tarball no local data for es-object-atoms@https://registry.npmjs.org/es-object-atoms/-/es-object-atoms-1.1.1.tgz. Extracting by manifest.
158 silly tarball no local data for es-define-property@https://registry.npmjs.org/es-define-property/-/es-define-property-1.0.1.tgz. Extracting by manifest.
159 silly tarball no local data for call-bind-apply-helpers@https://registry.npmjs.org/call-bind-apply-helpers/-/call-bind-apply-helpers-1.0.2.tgz. Extracting by manifest.
160 silly tarball no local data for has-tostringtag@https://registry.npmjs.org/has-tostringtag/-/has-tostringtag-1.0.2.tgz. Extracting by manifest.
161 silly tarball no local data for get-intrinsic@https://registry.npmjs.org/get-intrinsic/-/get-intrinsic-1.3.0.tgz. Extracting by manifest.
162 silly tarball no local data for delayed-stream@https://registry.npmjs.org/delayed-stream/-/delayed-stream-1.0.0.tgz. Extracting by manifest.
163 silly tarball no local data for es-errors@https://registry.npmjs.org/es-errors/-/es-errors-1.3.0.tgz. Extracting by manifest.
164 silly tarball no local data for mime-types@https://registry.npmjs.org/mime-types/-/mime-types-2.1.35.tgz. Extracting by manifest.
165 silly tarball no local data for combined-stream@https://registry.npmjs.org/combined-stream/-/combined-stream-1.0.8.tgz. Extracting by manifest.
166 silly tarball no local data for es-set-tostringtag@https://registry.npmjs.org/es-set-tostringtag/-/es-set-tostringtag-2.1.0.tgz. Extracting by manifest.
167 silly tarball no local data for asynckit@https://registry.npmjs.org/asynckit/-/asynckit-0.4.0.tgz. Extracting by manifest.
168 silly tarball no local data for proxy-from-env@https://registry.npmjs.org/proxy-from-env/-/proxy-from-env-1.1.0.tgz. Extracting by manifest.
169 silly tarball no local data for form-data@https://registry.npmjs.org/form-data/-/form-data-4.0.5.tgz. Extracting by manifest.
170 silly tarball no local data for follow-redirects@https://registry.npmjs.org/follow-redirects/-/follow-redirects-1.15.11.tgz. Extracting by manifest.
171 silly tarball no local data for gopd@https://registry.npmjs.org/gopd/-/gopd-1.2.0.tgz. Extracting by manifest.
172 silly tarball no local data for axios@https://registry.npmjs.org/axios/-/axios-1.10.0.tgz. Extracting by manifest.
173 silly tarball no local data for snaptrade-typescript-sdk@https://registry.npmjs.org/snaptrade-typescript-sdk/-/snaptrade-typescript-sdk-9.0.173.tgz. Extracting by manifest.
174 http fetch POST 200 https://registry.npmjs.org/-/npm/v1/security/advisories/bulk 296ms
175 silly audit report {
175 silly audit report   rollup: [
175 silly audit report     {
175 silly audit report       id: 1113515,
175 silly audit report       url: 'https://github.com/advisories/GHSA-mw96-cpmx-2vgc',
175 silly audit report       title: 'Rollup 4 has Arbitrary File Write via Path Traversal',
175 silly audit report       severity: 'high',
175 silly audit report       vulnerable_versions: '>=4.0.0 <4.59.0',
175 silly audit report       cwe: [Array],
175 silly audit report       cvss: [Object]
175 silly audit report     }
175 silly audit report   ],
175 silly audit report   tar: [
175 silly audit report     {
175 silly audit report       id: 1112659,
175 silly audit report       url: 'https://github.com/advisories/GHSA-34x7-hfp2-rc4v',
175 silly audit report       title: 'node-tar Vulnerable to Arbitrary File Creation/Overwrite via Hardlink Path Traversal',
175 silly audit report       severity: 'high',
175 silly audit report       vulnerable_versions: '<7.5.7',
175 silly audit report       cwe: [Array],
175 silly audit report       cvss: [Object]
175 silly audit report     },
175 silly audit report     {
175 silly audit report       id: 1113375,
175 silly audit report       url: 'https://github.com/advisories/GHSA-83g3-92jg-28cx',
175 silly audit report       title: 'Arbitrary File Read/Write via Hardlink Target Escape Through Symlink Chain in node-tar Extraction',
175 silly audit report       severity: 'high',
175 silly audit report       vulnerable_versions: '<7.5.8',
175 silly audit report       cwe: [Array],
175 silly audit report       cvss: [Object]
175 silly audit report     },
175 silly audit report     {
175 silly audit report       id: 1114200,
175 silly audit report       url: 'https://github.com/advisories/GHSA-qffp-2rhf-9h96',
175 silly audit report       title: 'tar has Hardlink Path Traversal via Drive-Relative Linkpath',
175 silly audit report       severity: 'high',
175 silly audit report       vulnerable_versions: '<=7.5.9',
175 silly audit report       cwe: [Array],
175 silly audit report       cvss: [Object]
175 silly audit report     },
175 silly audit report     {
175 silly audit report       id: 1114302,
175 silly audit report       url: 'https://github.com/advisories/GHSA-9ppj-qmqm-q256',
175 silly audit report       title: 'node-tar Symlink Path Traversal via Drive-Relative Linkpath',
175 silly audit report       severity: 'high',
175 silly audit report       vulnerable_versions: '<=7.5.10',
175 silly audit report       cwe: [Array],
175 silly audit report       cvss: [Object]
175 silly audit report     }
175 silly audit report   ],
175 silly audit report   vite: [
175 silly audit report     {
175 silly audit report       id: 1107324,
175 silly audit report       url: 'https://github.com/advisories/GHSA-g4jq-h2w9-997c',
175 silly audit report       title: 'Vite middleware may serve files starting with the same name with the public directory',
175 silly audit report       severity: 'low',
175 silly audit report       vulnerable_versions: '>=6.0.0 <=6.3.5',
175 silly audit report       cwe: [Array],
175 silly audit report       cvss: [Object]
175 silly audit report     },
175 silly audit report     {
175 silly audit report       id: 1107328,
175 silly audit report       url: 'https://github.com/advisories/GHSA-jqfw-vq24-v9c3',
175 silly audit report       title: "Vite's `server.fs` settings were not applied to HTML files",
175 silly audit report       severity: 'low',
175 silly audit report       vulnerable_versions: '>=6.0.0 <=6.3.5',
175 silly audit report       cwe: [Array],
175 silly audit report       cvss: [Object]
175 silly audit report     },
175 silly audit report     {
175 silly audit report       id: 1109135,
175 silly audit report       url: 'https://github.com/advisories/GHSA-93m4-6634-74q7',
175 silly audit report       title: 'vite allows server.fs.deny bypass via backslash on Windows',
175 silly audit report       severity: 'moderate',
175 silly audit report       vulnerable_versions: '>=6.0.0 <=6.4.0',
175 silly audit report       cwe: [Array],
175 silly audit report       cvss: [Object]
175 silly audit report     }
175 silly audit report   ],
175 silly audit report   axios: [
175 silly audit report     {
175 silly audit report       id: 1112195,
175 silly audit report       url: 'https://github.com/advisories/GHSA-4hjh-wcwx-xvwj',
175 silly audit report       title: 'Axios is vulnerable to DoS attack through lack of data size check',
175 silly audit report       severity: 'high',
175 silly audit report       vulnerable_versions: '>=1.0.0 <1.12.0',
175 silly audit report       cwe: [Array],
175 silly audit report       cvss: [Object]
175 silly audit report     },
175 silly audit report     {
175 silly audit report       id: 1113275,
175 silly audit report       url: 'https://github.com/advisories/GHSA-43fc-jf86-j433',
175 silly audit report       title: 'Axios is Vulnerable to Denial of Service via __proto__ Key in mergeConfig',
175 silly audit report       severity: 'high',
175 silly audit report       vulnerable_versions: '>=1.0.0 <=1.13.4',
175 silly audit report       cwe: [Array],
175 silly audit report       cvss: [Object]
175 silly audit report     }
175 silly audit report   ]
175 silly audit report }
176 silly packumentCache corgi:https://registry.npmjs.org/rollup cache-miss
177 silly packumentCache corgi:https://registry.npmjs.org/tar cache-miss
178 silly packumentCache corgi:https://registry.npmjs.org/vite cache-miss
179 silly packumentCache corgi:https://registry.npmjs.org/axios cache-miss
180 http fetch GET 200 https://registry.npmjs.org/dunder-proto/-/dunder-proto-1.0.1.tgz 1397ms (cache miss)
181 http fetch GET 200 https://registry.npmjs.org/es-set-tostringtag/-/es-set-tostringtag-2.1.0.tgz 1433ms (cache miss)
182 http fetch GET 200 https://registry.npmjs.org/follow-redirects/-/follow-redirects-1.15.11.tgz 1504ms (cache miss)
183 http fetch GET 200 https://registry.npmjs.org/proxy-from-env/-/proxy-from-env-1.1.0.tgz 1510ms (cache miss)
184 http fetch GET 200 https://registry.npmjs.org/gopd/-/gopd-1.2.0.tgz 1515ms (cache miss)
185 http fetch GET 200 https://registry.npmjs.org/get-proto/-/get-proto-1.0.1.tgz 1610ms (cache miss)
186 http fetch GET 200 https://registry.npmjs.org/es-define-property/-/es-define-property-1.0.1.tgz 1612ms (cache miss)
187 http fetch GET 200 https://registry.npmjs.org/delayed-stream/-/delayed-stream-1.0.0.tgz 1600ms (cache miss)
188 http fetch GET 200 https://registry.npmjs.org/es-object-atoms/-/es-object-atoms-1.1.1.tgz 1630ms (cache miss)
189 http fetch GET 200 https://registry.npmjs.org/combined-stream/-/combined-stream-1.0.8.tgz 1644ms (cache miss)
190 http fetch GET 200 https://registry.npmjs.org/mime-types/-/mime-types-2.1.35.tgz 1649ms (cache miss)
191 http fetch GET 200 https://registry.npmjs.org/form-data/-/form-data-4.0.5.tgz 1683ms (cache miss)
192 http fetch GET 200 https://registry.npmjs.org/es-errors/-/es-errors-1.3.0.tgz 1746ms (cache miss)
193 http fetch GET 200 https://registry.npmjs.org/call-bind-apply-helpers/-/call-bind-apply-helpers-1.0.2.tgz 1781ms (cache miss)
194 http fetch GET 200 https://registry.npmjs.org/get-intrinsic/-/get-intrinsic-1.3.0.tgz 1813ms (cache miss)
195 http fetch GET 200 https://registry.npmjs.org/asynckit/-/asynckit-0.4.0.tgz 1803ms (cache miss)
196 http fetch GET 200 https://registry.npmjs.org/mime-db/-/mime-db-1.52.0.tgz 1850ms (cache miss)
197 http fetch GET 200 https://registry.npmjs.org/has-tostringtag/-/has-tostringtag-1.0.2.tgz 1846ms (cache miss)
198 http fetch GET 200 https://registry.npmjs.org/has-symbols/-/has-symbols-1.1.0.tgz 1999ms (cache miss)
199 http fetch GET 200 https://registry.npmjs.org/math-intrinsics/-/math-intrinsics-1.1.0.tgz 2018ms (cache miss)
200 http fetch GET 200 https://registry.npmjs.org/tar 1752ms (cache miss)
201 silly packumentCache corgi:https://registry.npmjs.org/tar set size:undefined disposed:false
202 http fetch GET 200 https://registry.npmjs.org/axios 2414ms (cache miss)
203 silly packumentCache corgi:https://registry.npmjs.org/axios set size:undefined disposed:false
204 http fetch GET 200 https://registry.npmjs.org/rollup 3194ms (cache miss)
205 silly packumentCache corgi:https://registry.npmjs.org/rollup set size:undefined disposed:false
206 http fetch GET 200 https://registry.npmjs.org/vite 3520ms (cache miss)
207 silly packumentCache corgi:https://registry.npmjs.org/vite set size:undefined disposed:false
208 silly packumentCache corgi:https://registry.npmjs.org/@tailwindcss%2foxide cache-miss
209 http fetch GET 200 https://registry.npmjs.org/axios/-/axios-1.10.0.tgz 4774ms (cache miss)
210 http fetch GET 200 https://registry.npmjs.org/@tailwindcss%2foxide 467ms (cache miss)
211 silly packumentCache corgi:https://registry.npmjs.org/@tailwindcss%2foxide set size:undefined disposed:false
212 silly packumentCache corgi:https://registry.npmjs.org/@tailwindcss%2fvite cache-miss
213 silly packumentCache corgi:https://registry.npmjs.org/@vitejs%2fplugin-react cache-miss
214 http fetch GET 200 https://registry.npmjs.org/@vitejs%2fplugin-react 246ms (cache miss)
215 silly packumentCache corgi:https://registry.npmjs.org/@vitejs%2fplugin-react set size:undefined disposed:false
216 http fetch GET 200 https://registry.npmjs.org/@tailwindcss%2fvite 594ms (cache miss)
217 silly packumentCache corgi:https://registry.npmjs.org/@tailwindcss%2fvite set size:undefined disposed:false
218 silly packumentCache corgi:https://registry.npmjs.org/snaptrade-typescript-sdk cache-miss
219 http fetch GET 200 https://registry.npmjs.org/snaptrade-typescript-sdk 150ms (cache miss)
220 silly packumentCache corgi:https://registry.npmjs.org/snaptrade-typescript-sdk set size:undefined disposed:false
221 http fetch GET 200 https://registry.npmjs.org/snaptrade-typescript-sdk/-/snaptrade-typescript-sdk-9.0.173.tgz 5872ms (cache miss)
222 silly ADD node_modules/mime-db
223 silly ADD node_modules/dunder-proto
224 silly ADD node_modules/math-intrinsics
225 silly ADD node_modules/has-symbols
226 silly ADD node_modules/gopd
227 silly ADD node_modules/get-proto
228 silly ADD node_modules/es-object-atoms
229 silly ADD node_modules/es-define-property
230 silly ADD node_modules/call-bind-apply-helpers
231 silly ADD node_modules/has-tostringtag
232 silly ADD node_modules/get-intrinsic
233 silly ADD node_modules/es-errors
234 silly ADD node_modules/delayed-stream
235 silly ADD node_modules/mime-types
236 silly ADD node_modules/es-set-tostringtag
237 silly ADD node_modules/combined-stream
238 silly ADD node_modules/asynckit
239 silly ADD node_modules/proxy-from-env
240 silly ADD node_modules/form-data
241 silly ADD node_modules/follow-redirects
242 silly ADD node_modules/axios
243 silly ADD node_modules/snaptrade-typescript-sdk
244 verbose cwd /Users/owenmoloney/Copmuter_Eng_Projects/Homebaseuxv12
245 verbose os Darwin 20.6.0
246 verbose node v20.19.1
247 verbose npm  v11.7.0
248 verbose exit 0
249 info ok
